SuHeon/My project (1)/Library/Bee/Android/Prj/IL2CPP/Gradle/launcher/build/intermediates/manifest_merge_blame_file/release/manifest-merger-blame-release-report.txt
1<?xml version="1.0" encoding="utf-8"?>
2<manifest xmlns:android="http://schemas.android.com/apk/res/android"
3    package="com.DefaultCompany.Myproject1"
4    android:installLocation="preferExternal"
5    android:versionCode="1"
6    android:versionName="0.1" >
7
8    <uses-sdk
9        android:minSdkVersion="24"
9-->src\main\AndroidManifest.xml
10        android:targetSdkVersion="33" />
10-->src\main\AndroidManifest.xml
11
12    <supports-screens
12-->src\main\AndroidManifest.xml:4:3-163
13        android:anyDensity="true"
13-->src\main\AndroidManifest.xml:4:135-160
14        android:largeScreens="true"
14-->src\main\AndroidManifest.xml:4:78-105
15        android:normalScreens="true"
15-->src\main\AndroidManifest.xml:4:49-77
16        android:smallScreens="true"
16-->src\main\AndroidManifest.xml:4:21-48
17        android:xlargeScreens="true" />
17-->src\main\AndroidManifest.xml:4:106-134
18
19    <uses-permission android:name="android.permission.INTERNET" />
19-->[:unityLibrary] AndroidManifest.xml:10:5-67
19-->[:unityLibrary] AndroidManifest.xml:10:22-64
20    <uses-permission android:name="android.permission.CAMERA" />
20-->[:unityLibrary] AndroidManifest.xml:11:5-65
20-->[:unityLibrary] AndroidManifest.xml:11:22-62
21
22    <uses-feature android:glEsVersion="0x00030000" />
22-->[:unityLibrary] AndroidManifest.xml:13:5-54
22-->[:unityLibrary] AndroidManifest.xml:13:19-51
23    <uses-feature
23-->[:unityLibrary] AndroidManifest.xml:14:5-16:36
24        android:name="android.hardware.camera"
24-->[:unityLibrary] AndroidManifest.xml:15:9-47
25        android:required="false" />
25-->[:unityLibrary] AndroidManifest.xml:16:9-33
26    <uses-feature
26-->[:unityLibrary] AndroidManifest.xml:17:5-19:36
27        android:name="android.hardware.camera.autofocus"
27-->[:unityLibrary] AndroidManifest.xml:18:9-57
28        android:required="false" />
28-->[:unityLibrary] AndroidManifest.xml:19:9-33
29    <uses-feature
29-->[:unityLibrary] AndroidManifest.xml:20:5-22:36
30        android:name="android.hardware.camera.front"
30-->[:unityLibrary] AndroidManifest.xml:21:9-53
31        android:required="false" />
31-->[:unityLibrary] AndroidManifest.xml:22:9-33
32    <uses-feature
32-->[:unityLibrary] AndroidManifest.xml:23:5-25:36
33        android:name="android.hardware.touchscreen"
33-->[:unityLibrary] AndroidManifest.xml:24:9-52
34        android:required="false" />
34-->[:unityLibrary] AndroidManifest.xml:25:9-33
35    <uses-feature
35-->[:unityLibrary] AndroidManifest.xml:26:5-28:36
36        android:name="android.hardware.touchscreen.multitouch"
36-->[:unityLibrary] AndroidManifest.xml:27:9-63
37        android:required="false" />
37-->[:unityLibrary] AndroidManifest.xml:28:9-33
38    <uses-feature
38-->[:unityLibrary] AndroidManifest.xml:29:5-31:36
39        android:name="android.hardware.touchscreen.multitouch.distinct"
39-->[:unityLibrary] AndroidManifest.xml:30:9-72
40        android:required="false" />
40-->[:unityLibrary] AndroidManifest.xml:31:9-33
41    <uses-feature
41-->[:unityLibrary] AndroidManifest.xml:32:5-34:35
42        android:name="android.hardware.camera.ar"
42-->[:unityLibrary] AndroidManifest.xml:33:9-50
43        android:required="true" />
43-->[:unityLibrary] AndroidManifest.xml:34:9-32
44    <uses-feature
44-->[:unityLibrary] AndroidManifest.xml:35:5-37:35
45        android:name="com.google.ar.core.depth"
45-->[:unityLibrary] AndroidManifest.xml:36:9-48
46        android:required="true" />
46-->[:unityLibrary] AndroidManifest.xml:37:9-32
47
48    <queries>
48-->[:arcore_client:] AndroidManifest.xml:29:5-31:15
49        <package android:name="com.google.ar.core" />
49-->[:arcore_client:] AndroidManifest.xml:30:9-54
49-->[:arcore_client:] AndroidManifest.xml:30:18-51
50    </queries>
51
52    <permission
52-->[androidx.core:core:1.9.0] AndroidManifest.xml:22:5-24:47
53        android:name="com.DefaultCompany.Myproject1.DYNAMIC_RECEIVER_NOT_EXPORTED_PERMISSION"
53-->[androidx.core:core:1.9.0] AndroidManifest.xml:23:9-81
54        android:protectionLevel="signature" />
54-->[androidx.core:core:1.9.0] AndroidManifest.xml:24:9-44
55
56    <uses-permission android:name="com.DefaultCompany.Myproject1.DYNAMIC_RECEIVER_NOT_EXPORTED_PERMISSION" />
56-->[androidx.core:core:1.9.0] AndroidManifest.xml:26:5-97
56-->[androidx.core:core:1.9.0] AndroidManifest.xml:26:22-94
57
58    <application
58-->src\main\AndroidManifest.xml:3:3-83
59        android:appComponentFactory="androidx.core.app.CoreComponentFactory"
59-->[androidx.core:core:1.9.0] AndroidManifest.xml:28:18-86
60        android:extractNativeLibs="true"
60-->[:unityLibrary] AndroidManifest.xml:39:18-50
61        android:icon="@mipmap/app_icon"
61-->src\main\AndroidManifest.xml:3:16-47
62        android:label="@string/app_name" >
62-->src\main\AndroidManifest.xml:3:48-80
63        <meta-data
63-->[:unityLibrary] AndroidManifest.xml:40:9-42:33
64            android:name="unity.splash-mode"
64-->[:unityLibrary] AndroidManifest.xml:41:13-45
65            android:value="0" />
65-->[:unityLibrary] AndroidManifest.xml:42:13-30
66        <meta-data
66-->[:unityLibrary] AndroidManifest.xml:43:9-45:36
67            android:name="unity.splash-enable"
67-->[:unityLibrary] AndroidManifest.xml:44:13-47
68            android:value="True" />
68-->[:unityLibrary] AndroidManifest.xml:45:13-33
69        <meta-data
69-->[:unityLibrary] AndroidManifest.xml:46:9-48:36
70            android:name="unity.launch-fullscreen"
70-->[:unityLibrary] AndroidManifest.xml:47:13-51
71            android:value="True" />
71-->[:unityLibrary] AndroidManifest.xml:48:13-33
72        <meta-data
72-->[:unityLibrary] AndroidManifest.xml:49:9-51:50
73            android:name="notch.config"
73-->[:unityLibrary] AndroidManifest.xml:50:13-40
74            android:value="portrait|landscape" />
74-->[:unityLibrary] AndroidManifest.xml:51:13-47
75        <meta-data
75-->[:unityLibrary] AndroidManifest.xml:52:9-54:36
76            android:name="unity.auto-report-fully-drawn"
76-->[:unityLibrary] AndroidManifest.xml:53:13-57
77            android:value="true" />
77-->[:unityLibrary] AndroidManifest.xml:54:13-33
78        <meta-data
78-->[:unityLibrary] AndroidManifest.xml:55:9-57:36
79            android:name="unity.strip-engine-code"
79-->[:unityLibrary] AndroidManifest.xml:56:13-51
80            android:value="true" />
80-->[:unityLibrary] AndroidManifest.xml:57:13-33
81
82        <activity
82-->[:unityLibrary] AndroidManifest.xml:59:9-78:20
83            android:name="com.unity3d.player.UnityPlayerActivity"
83-->[:unityLibrary] AndroidManifest.xml:60:13-66
84            android:configChanges="mcc|mnc|locale|touchscreen|keyboard|keyboardHidden|navigation|orientation|screenLayout|uiMode|screenSize|smallestScreenSize|fontScale|layoutDirection|density"
84-->[:unityLibrary] AndroidManifest.xml:61:13-194
85            android:enabled="false"
85-->[:unityLibrary] AndroidManifest.xml:62:13-36
86            android:exported="true"
86-->[:unityLibrary] AndroidManifest.xml:63:13-36
87            android:hardwareAccelerated="false"
87-->[:unityLibrary] AndroidManifest.xml:64:13-48
88            android:launchMode="singleTask"
88-->[:unityLibrary] AndroidManifest.xml:65:13-44
89            android:resizeableActivity="false"
89-->[:unityLibrary] AndroidManifest.xml:66:13-47
90            android:screenOrientation="landscape"
90-->[:unityLibrary] AndroidManifest.xml:67:13-50
91            android:theme="@style/UnityThemeSelector" >
91-->[:unityLibrary] AndroidManifest.xml:68:13-54
92            <intent-filter>
92-->[:unityLibrary] AndroidManifest.xml:69:13-73:29
93                <category android:name="android.intent.category.LAUNCHER" />
93-->[:unityLibrary] AndroidManifest.xml:70:17-77
93-->[:unityLibrary] AndroidManifest.xml:70:27-74
94
95                <action android:name="android.intent.action.MAIN" />
95-->[:unityLibrary] AndroidManifest.xml:72:17-69
95-->[:unityLibrary] AndroidManifest.xml:72:25-66
96            </intent-filter>
97
98            <meta-data
98-->[:unityLibrary] AndroidManifest.xml:75:13-77:40
99                android:name="unityplayer.UnityActivity"
99-->[:unityLibrary] AndroidManifest.xml:76:17-57
100                android:value="true" />
100-->[:unityLibrary] AndroidManifest.xml:77:17-37
101        </activity>
102        <activity
102-->[:unityLibrary] AndroidManifest.xml:79:9-104:20
103            android:name="com.unity3d.player.UnityPlayerGameActivity"
103-->[:unityLibrary] AndroidManifest.xml:80:13-70
104            android:configChanges="mcc|mnc|locale|touchscreen|keyboard|keyboardHidden|navigation|orientation|screenLayout|uiMode|screenSize|smallestScreenSize|fontScale|layoutDirection|density"
104-->[:unityLibrary] AndroidManifest.xml:81:13-194
105            android:enabled="true"
105-->[:unityLibrary] AndroidManifest.xml:82:13-35
106            android:exported="true"
106-->[:unityLibrary] AndroidManifest.xml:83:13-36
107            android:hardwareAccelerated="false"
107-->[:unityLibrary] AndroidManifest.xml:84:13-48
108            android:launchMode="singleTask"
108-->[:unityLibrary] AndroidManifest.xml:85:13-44
109            android:resizeableActivity="false"
109-->[:unityLibrary] AndroidManifest.xml:86:13-47
110            android:screenOrientation="landscape"
110-->[:unityLibrary] AndroidManifest.xml:87:13-50
111            android:theme="@style/BaseUnityGameActivityTheme" >
111-->[:unityLibrary] AndroidManifest.xml:88:13-62
112            <intent-filter>
112-->[:unityLibrary] AndroidManifest.xml:69:13-73:29
113                <category android:name="android.intent.category.LAUNCHER" />
113-->[:unityLibrary] AndroidManifest.xml:70:17-77
113-->[:unityLibrary] AndroidManifest.xml:70:27-74
114
115                <action android:name="android.intent.action.MAIN" />
115-->[:unityLibrary] AndroidManifest.xml:72:17-69
115-->[:unityLibrary] AndroidManifest.xml:72:25-66
116            </intent-filter>
117
118            <meta-data
118-->[:unityLibrary] AndroidManifest.xml:75:13-77:40
119                android:name="unityplayer.UnityActivity"
119-->[:unityLibrary] AndroidManifest.xml:76:17-57
120                android:value="true" />
120-->[:unityLibrary] AndroidManifest.xml:77:17-37
121            <meta-data
121-->[:unityLibrary] AndroidManifest.xml:98:13-100:40
122                android:name="android.app.lib_name"
122-->[:unityLibrary] AndroidManifest.xml:99:17-52
123                android:value="game" />
123-->[:unityLibrary] AndroidManifest.xml:100:17-37
124            <meta-data
124-->[:unityLibrary] AndroidManifest.xml:101:13-103:40
125                android:name="notch_support"
125-->[:unityLibrary] AndroidManifest.xml:102:17-45
126                android:value="true" />
126-->[:unityLibrary] AndroidManifest.xml:103:17-37
127        </activity>
128
129        <meta-data
129-->[:unityLibrary] AndroidManifest.xml:106:9-108:36
130            android:name="unityplayer.SkipPermissionsDialog"
130-->[:unityLibrary] AndroidManifest.xml:107:13-61
131            android:value="true" />
131-->[:unityLibrary] AndroidManifest.xml:108:13-33
132        <meta-data
132-->[:unityLibrary] AndroidManifest.xml:109:9-111:40
133            android:name="com.google.ar.core"
133-->[:unityLibrary] AndroidManifest.xml:110:13-46
134            android:value="required" /> <!-- The minimal version code of ARCore APK required for an app using this SDK. -->
134-->[:unityLibrary] AndroidManifest.xml:111:13-37
135        <meta-data
135-->[:arcore_client:] AndroidManifest.xml:36:9-38:41
136            android:name="com.google.ar.core.min_apk_version"
136-->[:arcore_client:] AndroidManifest.xml:37:13-62
137            android:value="220920000" /> <!-- This activity is critical for installing ARCore when it is not already present. -->
137-->[:arcore_client:] AndroidManifest.xml:38:13-38
138        <activity
138-->[:arcore_client:] AndroidManifest.xml:40:9-46:80
139            android:name="com.google.ar.core.InstallActivity"
139-->[:arcore_client:] AndroidManifest.xml:41:13-62
140            android:configChanges="keyboardHidden|orientation|screenSize"
140-->[:arcore_client:] AndroidManifest.xml:42:13-74
141            android:excludeFromRecents="true"
141-->[:arcore_client:] AndroidManifest.xml:43:13-46
142            android:exported="false"
142-->[:arcore_client:] AndroidManifest.xml:44:13-37
143            android:launchMode="singleTop"
143-->[:arcore_client:] AndroidManifest.xml:45:13-43
144            android:theme="@android:style/Theme.Material.Light.Dialog.Alert" />
144-->[:arcore_client:] AndroidManifest.xml:46:13-77
145
146        <provider
146-->[androidx.emoji2:emoji2:1.2.0] AndroidManifest.xml:24:9-32:20
147            android:name="androidx.startup.InitializationProvider"
147-->[androidx.emoji2:emoji2:1.2.0] AndroidManifest.xml:25:13-67
148            android:authorities="com.DefaultCompany.Myproject1.androidx-startup"
148-->[androidx.emoji2:emoji2:1.2.0] AndroidManifest.xml:26:13-68
149            android:exported="false" >
149-->[androidx.emoji2:emoji2:1.2.0] AndroidManifest.xml:27:13-37
150            <meta-data
150-->[androidx.emoji2:emoji2:1.2.0] AndroidManifest.xml:29:13-31:52
151                android:name="androidx.emoji2.text.EmojiCompatInitializer"
151-->[androidx.emoji2:emoji2:1.2.0] AndroidManifest.xml:30:17-75
152                android:value="androidx.startup" />
152-->[androidx.emoji2:emoji2:1.2.0] AndroidManifest.xml:31:17-49
153            <meta-data
153-->[androidx.lifecycle:lifecycle-process:2.4.1] AndroidManifest.xml:31:13-33:52
154                android:name="androidx.lifecycle.ProcessLifecycleInitializer"
154-->[androidx.lifecycle:lifecycle-process:2.4.1] AndroidManifest.xml:32:17-78
155                android:value="androidx.startup" />
155-->[androidx.lifecycle:lifecycle-process:2.4.1] AndroidManifest.xml:33:17-49
156        </provider>
157    </application>
158
159</manifest>